{
  "stats": {
    "suites": 1,
    "tests": 1,
    "passes": 1,
    "pending": 0,
    "failures": 0,
    "start": "2022-06-23T10:26:37.947Z",
    "end": "2022-06-23T10:26:40.848Z",
    "duration": 2901,
    "testsRegistered": 1,
    "passPercent": 100,
    "pendingPercent": 0,
    "other": 0,
    "hasOther": false,
    "skipped": 0,
    "hasSkipped": false
  },
  "results": [
    {
      "uuid": "10408bf8-b6f1-4b5f-9a8a-02ed00bb9d4c",
      "title": "",
      "fullFile": "/Users/stepanvana/Documents/Selenium/phpTravels_test/test/login_page.spec.js",
      "file": "/test/login_page.spec.js",
      "beforeHooks": [],
      "afterHooks": [],
      "tests": [],
      "suites": [
        {
          "uuid": "9a8850d4-42cb-4827-a403-f7012799f7cf",
          "title": "Login Test",
          "fullFile": "/Users/stepanvana/Documents/Selenium/phpTravels_test/test/login_page.spec.js",
          "file": "/test/login_page.spec.js",
          "beforeHooks": [
            {
              "title": "\"before all\" hook in \"Login Test\"",
              "fullTitle": "Login Test \"before all\" hook in \"Login Test\"",
              "timedOut": false,
              "duration": 2647,
              "state": null,
              "speed": null,
              "pass": false,
              "fail": false,
              "pending": false,
              "context": null,
              "code": "driver = DriverManager.buildDriver();\nzaproxy = DriverManager.setZaproxy();\nloginPage = new LoginPage(driver);\nawait loginPage.visit(baseUrl);\nawait loginPage.openApp();",
              "err": {},
              "uuid": "29e7242b-98a3-468b-afb5-53f3c7f47672",
              "parentUUID": "9a8850d4-42cb-4827-a403-f7012799f7cf",
              "isHook": true,
              "skipped": false
            }
          ],
          "afterHooks": [
            {
              "title": "\"after all\" hook in \"Login Test\"",
              "fullTitle": "Login Test \"after all\" hook in \"Login Test\"",
              "timedOut": false,
              "duration": 57,
              "state": null,
              "speed": null,
              "pass": false,
              "fail": false,
              "pending": false,
              "context": null,
              "code": "await loginPage.quit();",
              "err": {},
              "uuid": "287c5b7b-f63a-4fb8-86b7-36cd7d96b49e",
              "parentUUID": "9a8850d4-42cb-4827-a403-f7012799f7cf",
              "isHook": true,
              "skipped": false
            }
          ],
          "tests": [
            {
              "title": "Enter user email address in the email field and check if the field is enabled",
              "fullTitle": "Login Test Enter user email address in the email field and check if the field is enabled",
              "timedOut": false,
              "duration": 192,
              "state": "passed",
              "speed": "slow",
              "pass": true,
              "fail": false,
              "pending": false,
              "context": null,
              "code": "let isEnabled = await loginPage.userEmail();\nexpect(isEnabled).to.be.true;",
              "err": {},
              "uuid": "792f6e5b-01cc-4573-a1e2-b808aceccee4",
              "parentUUID": "9a8850d4-42cb-4827-a403-f7012799f7cf",
              "isHook": false,
              "skipped": false
            }
          ],
          "suites": [],
          "passes": [
            "792f6e5b-01cc-4573-a1e2-b808aceccee4"
          ],
          "failures": [],
          "pending": [],
          "skipped": [],
          "duration": 192,
          "root": false,
          "rootEmpty": false,
          "_timeout": 50000
        }
      ],
      "passes": [],
      "failures": [],
      "pending": [],
      "skipped": [],
      "duration": 0,
      "root": true,
      "rootEmpty": true,
      "_timeout": 2000
    }
  ],
  "meta": {
    "mocha": {
      "version": "10.0.0"
    },
    "mochawesome": {
      "options": {
        "quiet": false,
        "reportFilename": "mochawesome",
        "saveHtml": true,
        "saveJson": true,
        "consoleReporter": "spec",
        "useInlineDiffs": false,
        "code": true
      },
      "version": "7.1.3"
    },
    "marge": {
      "options": {
        "autoOpen": "true"
      },
      "version": "6.2.0"
    }
  }
}