{
  "stats": {
    "suites": 1,
    "tests": 6,
    "passes": 6,
    "pending": 0,
    "failures": 0,
    "start": "2022-06-23T11:59:59.067Z",
    "end": "2022-06-23T12:00:08.199Z",
    "duration": 9132,
    "testsRegistered": 6,
    "passPercent": 100,
    "pendingPercent": 0,
    "other": 0,
    "hasOther": false,
    "skipped": 0,
    "hasSkipped": false
  },
  "results": [
    {
      "uuid": "4892578a-0446-4429-bd52-85fa677f55e6",
      "title": "",
      "fullFile": "/Users/stepanvana/Documents/Selenium/phpTravels_test/test/login_page.spec.js",
      "file": "/test/login_page.spec.js",
      "beforeHooks": [],
      "afterHooks": [],
      "tests": [],
      "suites": [
        {
          "uuid": "d408e8a9-bc8d-4f47-afb3-e451d3325937",
          "title": "Login Test",
          "fullFile": "/Users/stepanvana/Documents/Selenium/phpTravels_test/test/login_page.spec.js",
          "file": "/test/login_page.spec.js",
          "beforeHooks": [
            {
              "title": "\"before all\" hook in \"Login Test\"",
              "fullTitle": "Login Test \"before all\" hook in \"Login Test\"",
              "timedOut": false,
              "duration": 2920,
              "state": null,
              "speed": null,
              "pass": false,
              "fail": false,
              "pending": false,
              "context": null,
              "code": "driver = DriverManager.buildDriver();\nloginPage = new LoginPage(driver);\nawait loginPage.visit(baseUrl);\nawait loginPage.openApp();",
              "err": {},
              "uuid": "ea81834a-5bfe-4e84-986d-d80fb018f51f",
              "parentUUID": "d408e8a9-bc8d-4f47-afb3-e451d3325937",
              "isHook": true,
              "skipped": false
            }
          ],
          "afterHooks": [
            {
              "title": "\"after all\" hook in \"Login Test\"",
              "fullTitle": "Login Test \"after all\" hook in \"Login Test\"",
              "timedOut": false,
              "duration": 53,
              "state": null,
              "speed": null,
              "pass": false,
              "fail": false,
              "pending": false,
              "context": null,
              "code": "await loginPage.quit();",
              "err": {},
              "uuid": "43ef25cc-0c23-4833-a84c-713e29738e21",
              "parentUUID": "d408e8a9-bc8d-4f47-afb3-e451d3325937",
              "isHook": true,
              "skipped": false
            }
          ],
          "tests": [
            {
              "title": "Enter user email address in the email field and check if the field is enabled",
              "fullTitle": "Login Test Enter user email address in the email field and check if the field is enabled",
              "timedOut": false,
              "duration": 180,
              "state": "passed",
              "speed": "slow",
              "pass": true,
              "fail": false,
              "pending": false,
              "context": null,
              "code": "let isEnabled = await loginPage.userEmail();\nexpect(isEnabled).to.be.true;",
              "err": {},
              "uuid": "6983dd4e-0669-4e37-966c-17496f146fed",
              "parentUUID": "d408e8a9-bc8d-4f47-afb3-e451d3325937",
              "isHook": false,
              "skipped": false
            },
            {
              "title": "Enter user password in the password field and check if the field is enabled",
              "fullTitle": "Login Test Enter user password in the password field and check if the field is enabled",
              "timedOut": false,
              "duration": 146,
              "state": "passed",
              "speed": "slow",
              "pass": true,
              "fail": false,
              "pending": false,
              "context": null,
              "code": "let isEnabled = await loginPage.userPassword();\nexpect(isEnabled).to.be.true;",
              "err": {},
              "uuid": "a829066a-b841-4034-8f28-74c32d1695cc",
              "parentUUID": "d408e8a9-bc8d-4f47-afb3-e451d3325937",
              "isHook": false,
              "skipped": false
            },
            {
              "title": "Verify sign in button state is enabled",
              "fullTitle": "Login Test Verify sign in button state is enabled",
              "timedOut": false,
              "duration": 388,
              "state": "passed",
              "speed": "slow",
              "pass": true,
              "fail": false,
              "pending": false,
              "context": null,
              "code": "const result = await loginPage.signInButton();\nexpect(result.type).to.equal(buttonText);\nexpect(result.state).to.be.true;",
              "err": {},
              "uuid": "14b1301e-bffb-4e83-990f-656b174ba8ed",
              "parentUUID": "d408e8a9-bc8d-4f47-afb3-e451d3325937",
              "isHook": false,
              "skipped": false
            },
            {
              "title": "Click on sign in button and verify the url",
              "fullTitle": "Login Test Click on sign in button and verify the url",
              "timedOut": false,
              "duration": 4922,
              "state": "passed",
              "speed": "slow",
              "pass": true,
              "fail": false,
              "pending": false,
              "context": null,
              "code": "const url = await loginPage.clicksignInButton();\nexpect(url).to.equal(loginUrl);",
              "err": {},
              "uuid": "357468b6-650b-4dc8-8afe-dc66ddf9b5ba",
              "parentUUID": "d408e8a9-bc8d-4f47-afb3-e451d3325937",
              "isHook": false,
              "skipped": false
            },
            {
              "title": "Check the title of the page",
              "fullTitle": "Login Test Check the title of the page",
              "timedOut": false,
              "duration": 13,
              "state": "passed",
              "speed": "fast",
              "pass": true,
              "fail": false,
              "pending": false,
              "context": null,
              "code": "const getTitle = await loginPage.getTitle();\nexpect(getTitle).to.include(title);",
              "err": {},
              "uuid": "3cafb0e3-1ced-4746-b18d-6b87336f1710",
              "parentUUID": "d408e8a9-bc8d-4f47-afb3-e451d3325937",
              "isHook": false,
              "skipped": false
            },
            {
              "title": "Take a screenshot after user logged in to the application",
              "fullTitle": "Login Test Take a screenshot after user logged in to the application",
              "timedOut": false,
              "duration": 495,
              "state": "passed",
              "speed": "slow",
              "pass": true,
              "fail": false,
              "pending": false,
              "context": null,
              "code": "return await loginPage.takeScreenShot().then((data) => {\n    let screenshotPath = `Screenshots/${timestamp}.png`;\n    console.log(`Saving Screenshot as: ${screenshotPath}`);\n    fs.writeFileSync(screenshotPath, data, \"base64\");\n});",
              "err": {},
              "uuid": "609f38fa-1fee-443c-bb3c-5c9a0a0df58f",
              "parentUUID": "d408e8a9-bc8d-4f47-afb3-e451d3325937",
              "isHook": false,
              "skipped": false
            }
          ],
          "suites": [],
          "passes": [
            "6983dd4e-0669-4e37-966c-17496f146fed",
            "a829066a-b841-4034-8f28-74c32d1695cc",
            "14b1301e-bffb-4e83-990f-656b174ba8ed",
            "357468b6-650b-4dc8-8afe-dc66ddf9b5ba",
            "3cafb0e3-1ced-4746-b18d-6b87336f1710",
            "609f38fa-1fee-443c-bb3c-5c9a0a0df58f"
          ],
          "failures": [],
          "pending": [],
          "skipped": [],
          "duration": 6144,
          "root": false,
          "rootEmpty": false,
          "_timeout": 50000
        }
      ],
      "passes": [],
      "failures": [],
      "pending": [],
      "skipped": [],
      "duration": 0,
      "root": true,
      "rootEmpty": true,
      "_timeout": 2000
    }
  ],
  "meta": {
    "mocha": {
      "version": "10.0.0"
    },
    "mochawesome": {
      "options": {
        "quiet": false,
        "reportFilename": "mochawesome",
        "saveHtml": true,
        "saveJson": true,
        "consoleReporter": "spec",
        "useInlineDiffs": false,
        "code": true
      },
      "version": "7.1.3"
    },
    "marge": {
      "options": {
        "autoOpen": "true"
      },
      "version": "6.2.0"
    }
  }
}